#
# A fatal error has been detected by the Java Runtime Environment:
#
#  EXCEPTION_ACCESS_VIOLATION (0xc0000005) at pc=0x0000000002e326c1, pid=1668, tid=0x0000000000003938
#
# JRE version: OpenJDK Runtime Environment (8.0_212-b04) (build 1.8.0_212-release-1586-b04)
# Java VM: OpenJDK 64-Bit Server VM (25.212-b04 mixed mode windows-amd64 compressed oops)
# Problematic frame:
# j  org.gradle.groovy.scripts.internal.GradleResolveVisitor.resolveFromCompileUnit(Lorg/codehaus/groovy/ast/ClassNode;)Z+19
#
# Failed to write core dump. Minidumps are not enabled by default on client versions of Windows
#
# If you would like to submit a bug report, please visit:
#   
#

---------------  T H R E A D  ---------------

Current thread (0x000000001e1b4000):  JavaThread "Daemon worker Thread 10" [_thread_in_Java, id=14648, stack(0x000000001bc30000,0x000000001bd30000)]

siginfo: ExceptionCode=0xc0000005, reading address 0x000000003044045d

Registers:
RAX=0x0000000021187178, RBX=0x000000002102e34c, RCX=0x000000004921292a, RDX=0x000000000f412112
RSP=0x000000001bd295c0, RBP=0x000000001bd29608, RSI=0x000000010001b210, RDI=0x00000000249c1208
R8 =0x00000000ecfc0e30, R9 =0x0000000000000000, R10=0x000000006e10a470, R11=0x0000000069511740
R12=0x0000000000000000, R13=0x000000002102e34b, R14=0x000000001bd29630, R15=0x000000001e1b4000
RIP=0x0000000002e326c1, EFLAGS=0x0000000000010206

Top of Stack: (sp=0x000000001bd295c0)
0x000000001bd295c0:   000000001bd295c8 000000001bd295c8
0x000000001bd295d0:   000000002102e333 000000001bd29630
0x000000001bd295e0:   0000000021057b08 0000000021187178
0x000000001bd295f0:   000000002102e388 0000000000000000
0x000000001bd29600:   000000001bd29628 000000001bd29678
0x000000001bd29610:   0000000002e17870 0000000000000000
0x000000001bd29620:   00000000ece2ca40 00000000ecfc0cf8
0x000000001bd29630:   00000000ece39638 000000001bd29638
0x000000001bd29640:   000000002102db55 000000001bd296d0
0x000000001bd29650:   0000000021057b08 00000000249df6c0
0x000000001bd29660:   000000002102dd58 000000001bd29628
0x000000001bd29670:   000000001bd296e0 000000001bd29870
0x000000001bd29680:   0000000005deaaac 0000000000000000
0x000000001bd29690:   0000000000000000 0000000000000000
0x000000001bd296a0:   0000000000000000 00000000ecf72de8
0x000000001bd296b0:   00000000ecfc0cd8 00000000ecfc0cf8 

Instructions: (pc=0x0000000002e326c1)
0x0000000002e326a1:   48 0f af c1 48 83 c0 20 48 83 04 03 01 48 83 1c
0x0000000002e326b1:   03 00 48 03 5c 03 08 48 89 5d e0 0f ca 48 63 d2
0x0000000002e326c1:   41 0f b6 5c 15 00 4c 03 ea 49 ba 70 a4 10 6e 00
0x0000000002e326d1:   00 00 00 41 ff 24 da 48 8b 45 e0 48 85 c0 0f 84 


Register to memory mapping:

RAX=0x0000000021187178 is pointing into metadata
RBX=0x000000002102e34c is pointing into metadata
RCX=0x000000004921292a is an unknown value
RDX=0x000000000f412112 is an unknown value
RSP=0x000000001bd295c0 is pointing into the stack for thread: 0x000000001e1b4000
RBP=0x000000001bd29608 is pointing into the stack for thread: 0x000000001e1b4000
RSI=0x000000010001b210 is pointing into metadata
RDI=0x00000000249c1208 is pointing into metadata
R8 =0x00000000ecfc0e30 is an oop
java.lang.String 
 - klass: 'java/lang/String'
R9 =0x0000000000000000 is an unknown value
R10=0x000000006e10a470 is an unknown value
R11=0x0000000069511740 is an unknown value
R12=0x0000000000000000 is an unknown value
R13=0x000000002102e34b is pointing into metadata
R14=0x000000001bd29630 is pointing into the stack for thread: 0x000000001e1b4000
R15=0x000000001e1b4000 is a thread


Stack: [0x000000001bc30000,0x000000001bd30000],  sp=0x000000001bd295c0,  free space=997k
Native frames: (J=compiled Java code, j=interpreted, Vv=VM code, C=native code)
C  0x0000000002e326c1


---------------  P R O C E S S  ---------------

Java Threads: ( => current thread )
  0x000000001dfe0800 JavaThread "Build operations Thread 4" [_thread_blocked, id=10508, stack(0x0000000023460000,0x0000000023560000)]
  0x000000001dfdf000 JavaThread "Build operations Thread 3" [_thread_blocked, id=3624, stack(0x0000000022680000,0x0000000022780000)]
  0x000000001dfe1800 JavaThread "Build operations Thread 2" [_thread_blocked, id=12824, stack(0x0000000022380000,0x0000000022480000)]
  0x000000001e1bb800 JavaThread "Build operations" [_thread_blocked, id=6516, stack(0x00000000212b0000,0x00000000213b0000)]
  0x000000001e1c1800 JavaThread "Cache worker for cache directory md-rule (C:\Users\agpus\.gradle\caches\5.6.4\md-rule)" [_thread_blocked, id=11844, stack(0x00000000211b0000,0x00000000212b0000)]
  0x000000001e1bd000 JavaThread "Cache worker for cache directory md-supplier (C:\Users\agpus\.gradle\caches\5.6.4\md-supplier)" [_thread_blocked, id=15140, stack(0x0000000020750000,0x0000000020850000)]
  0x000000001e1c1000 JavaThread "Cache worker for file hash cache (C:\Users\agpus\AndroidStudioProjects\SpreadLove\.gradle\5.6.4\fileHashes)" [_thread_blocked, id=6044, stack(0x000000001f000000,0x000000001f100000)]
  0x000000001e1c0000 JavaThread "Thread-332" [_thread_blocked, id=15348, stack(0x000000001c630000,0x000000001c730000)]
  0x000000001e1be800 JavaThread "Stdin handler" [_thread_blocked, id=5708, stack(0x000000001c030000,0x000000001c130000)]
  0x000000001e1be000 JavaThread "Asynchronous log dispatcher for DefaultDaemonConnection: socket connection from /127.0.0.1:55478 to /127.0.0.1:65403" [_thread_blocked, id=3176, stack(0x000000001bd30000,0x000000001be30000)]
=>0x000000001e1b4000 JavaThread "Daemon worker Thread 10" [_thread_in_Java, id=14648, stack(0x000000001bc30000,0x000000001bd30000)]
  0x000000001e1ba000 JavaThread "Cancel handler" [_thread_blocked, id=13928, stack(0x000000001b930000,0x000000001ba30000)]
  0x000000001e1b8800 JavaThread "Handler for socket connection from /127.0.0.1:55478 to /127.0.0.1:65403" [_thread_in_native, id=6112, stack(0x000000001b830000,0x000000001b930000)]
  0x000000001e1b7800 JavaThread "Daemon Thread 10" [_thread_blocked, id=8720, stack(0x0000000000ed0000,0x0000000000fd0000)]
  0x0000000018c7a800 JavaThread "RMI TCP Accept-0" daemon [_thread_in_native, id=12196, stack(0x0000000029ad0000,0x0000000029bd0000)]
  0x000000001d597800 JavaThread "RMI Scheduler(0)" daemon [_thread_blocked, id=4400, stack(0x00000000297d0000,0x00000000298d0000)]
  0x0000000018c80000 JavaThread "Cache worker for Java compile cache (C:\Users\agpus\.gradle\caches\5.6.4\javaCompile)" [_thread_blocked, id=7964, stack(0x0000000025cf0000,0x0000000025df0000)]
  0x000000001d58a800 JavaThread "Cache worker for file content cache (C:\Users\agpus\.gradle\caches\5.6.4\fileContent)" [_thread_blocked, id=9092, stack(0x0000000023360000,0x0000000023460000)]
  0x000000001d591800 JavaThread "Memory manager" [_thread_blocked, id=2288, stack(0x0000000023260000,0x0000000023360000)]
  0x0000000019782000 JavaThread "Cache worker for execution history cache (C:\Users\agpus\.gradle\caches\5.6.4\executionHistory)" [_thread_blocked, id=14816, stack(0x0000000020850000,0x0000000020950000)]
  0x000000001977e000 JavaThread "Cache worker for journal cache (C:\Users\agpus\.gradle\caches\journal-1)" [_thread_blocked, id=1896, stack(0x000000001c530000,0x000000001c630000)]
  0x000000001977d800 JavaThread "File lock request listener" [_thread_in_native, id=2272, stack(0x000000001c430000,0x000000001c530000)]
  0x0000000019b55800 JavaThread "Cache worker for file hash cache (C:\Users\agpus\.gradle\caches\5.6.4\fileHashes)" [_thread_blocked, id=7748, stack(0x000000001c330000,0x000000001c430000)]
  0x000000001a2e9000 JavaThread "Daemon periodic checks" [_thread_blocked, id=10148, stack(0x000000001b730000,0x000000001b830000)]
  0x000000001a29c800 JavaThread "Incoming local TCP Connector on port 55478" [_thread_in_native, id=1996, stack(0x000000001b4e0000,0x000000001b5e0000)]
  0x000000001830e800 JavaThread "Daemon health stats" [_thread_blocked, id=8328, stack(0x000000001aea0000,0x000000001afa0000)]
  0x0000000018128800 JavaThread "Service Thread" daemon [_thread_blocked, id=10628, stack(0x0000000018500000,0x0000000018600000)]
  0x0000000016795000 JavaThread "C1 CompilerThread2" daemon [_thread_blocked, id=5476, stack(0x0000000018000000,0x0000000018100000)]
  0x000000001678c800 JavaThread "C2 CompilerThread1" daemon [_thread_blocked, id=1392, stack(0x0000000017f00000,0x0000000018000000)]
  0x0000000016788800 JavaThread "C2 CompilerThread0" daemon [_thread_blocked, id=11760, stack(0x0000000017e00000,0x0000000017f00000)]
  0x0000000016786800 JavaThread "Attach Listener" daemon [_thread_blocked, id=9996, stack(0x0000000017d00000,0x0000000017e00000)]
  0x0000000016785800 JavaThread "Signal Dispatcher" daemon [_thread_blocked, id=10872, stack(0x0000000017c00000,0x0000000017d00000)]
  0x0000000002e0e800 JavaThread "Finalizer" daemon [_thread_blocked, id=6980, stack(0x00000000179f0000,0x0000000017af0000)]
  0x0000000016769000 JavaThread "Reference Handler" daemon [_thread_blocked, id=9748, stack(0x00000000178f0000,0x00000000179f0000)]
  0x0000000002cee000 JavaThread "main" [_thread_blocked, id=6820, stack(0x0000000002b20000,0x0000000002c20000)]

Other Threads:
  0x0000000016746000 VMThread [stack: 0x00000000177f0000,0x00000000178f0000] [id=9420]
  0x0000000018129000 WatcherThread [stack: 0x0000000018600000,0x0000000018700000] [id=11384]

VM state:not at safepoint (normal execution)

VM Mutex/Monitor currently owned by a thread: None

heap address: 0x00000000a0000000, size: 1536 MB, Compressed Oops mode: 32-bit
Narrow klass base: 0x0000000000000000, Narrow klass shift: 3
Compressed class space size: 1073741824 Address: 0x0000000100000000

Heap:
 PSYoungGen      total 375296K, used 212906K [0x00000000e0000000, 0x00000000ff680000, 0x0000000100000000)
  eden space 351744K, 60% used [0x00000000e0000000,0x00000000ecfea8f0,0x00000000f5780000)
  from space 23552K, 0% used [0x00000000f5780000,0x00000000f5780000,0x00000000f6e80000)
  to   space 81408K, 0% used [0x00000000fa700000,0x00000000fa700000,0x00000000ff680000)
 ParOldGen       total 353792K, used 70234K [0x00000000a0000000, 0x00000000b5980000, 0x00000000e0000000)
  object space 353792K, 19% used [0x00000000a0000000,0x00000000a4496b38,0x00000000b5980000)
 Metaspace       used 132938K, capacity 139977K, committed 143360K, reserved 1173504K
  class space    used 16999K, capacity 18267K, committed 18944K, reserved 1048576K

Card table byte_map: [0x00000000121d0000,0x00000000124e0000] byte_map_base: 0x0000000011cd0000

Marking Bits: (ParMarkBitMap*) 0x000000006e119f30
 Begin Bits: [0x0000000012ae0000, 0x00000000142e0000)
 End Bits:   [0x00000000142e0000, 0x0000000015ae0000)

Polling page: 0x0000000001330000

CodeCache: size=245760Kb used=79568Kb max_used=79584Kb free=166192Kb
 bounds [0x0000000002e10000, 0x0000000007c40000, 0x0000000011e10000]
 total_blobs=23878 nmethods=22903 adapters=885
 compilation: enabled

Compilation events (10 events):
Event: 12297.116 Thread 0x0000000016795000 30101       3       org.codehaus.groovy.ast.DynamicVariable::<init> (25 bytes)
Event: 12297.117 Thread 0x0000000016795000 nmethod 30101 0x0000000007ba28d0 code [0x0000000007ba2a20, 0x0000000007ba2bf0]
Event: 12297.117 Thread 0x0000000016795000 30100       1       org.codehaus.groovy.ast.expr.VariableExpression::getText (5 bytes)
Event: 12297.119 Thread 0x0000000016795000 nmethod 30100 0x00000000077eb550 code [0x00000000077eb6a0, 0x00000000077eb7b0]
Event: 12297.124 Thread 0x0000000016795000 30102       3       org.codehaus.groovy.classgen.VariableScopeVisitor::visitVariableExpression (29 bytes)
Event: 12297.125 Thread 0x0000000016795000 nmethod 30102 0x0000000007bdf890 code [0x0000000007bdfa20, 0x0000000007bdfcf8]
Event: 12297.125 Thread 0x0000000016795000 30103       3       org.codehaus.groovy.ast.VariableScope::putReferencedClassVariable (39 bytes)
Event: 12297.126 Thread 0x0000000016795000 nmethod 30103 0x0000000007bdef50 code [0x0000000007bdf100, 0x0000000007bdf638]
Event: 12297.132 Thread 0x0000000016795000 30104       3       groovyjarjarasm.asm.MethodVisitor::visitLocalVariable (24 bytes)
Event: 12297.133 Thread 0x0000000016795000 nmethod 30104 0x00000000077ec610 code [0x00000000077ec780, 0x00000000077ec9e8]

GC Heap History (10 events):
Event: 3707.463 GC heap before
{Heap before GC invocations=35 (full 5):
 PSYoungGen      total 435712K, used 391208K [0x00000000e0000000, 0x0000000100000000, 0x0000000100000000)
  eden space 347136K, 100% used [0x00000000e0000000,0x00000000f5300000,0x00000000f5300000)
  from space 88576K, 49% used [0x00000000f5300000,0x00000000f7e0a238,0x00000000fa980000)
  to   space 86528K, 0% used [0x00000000fab80000,0x00000000fab80000,0x0000000100000000)
 ParOldGen       total 353792K, used 165828K [0x00000000a0000000, 0x00000000b5980000, 0x00000000e0000000)
  object space 353792K, 46% used [0x00000000a0000000,0x00000000aa1f1378,0x00000000b5980000)
 Metaspace       used 134110K, capacity 141323K, committed 141952K, reserved 1173504K
  class space    used 17247K, capacity 18620K, committed 18816K, reserved 1048576K
Event: 3707.677 GC heap after
Heap after GC invocations=35 (full 5):
 PSYoungGen      total 429568K, used 43979K [0x00000000e0000000, 0x00000000ffa00000, 0x0000000100000000)
  eden space 349184K, 0% used [0x00000000e0000000,0x00000000e0000000,0x00000000f5500000)
  from space 80384K, 54% used [0x00000000fab80000,0x00000000fd672d90,0x00000000ffa00000)
  to   space 84480K, 0% used [0x00000000f5500000,0x00000000f5500000,0x00000000fa780000)
 ParOldGen       total 353792K, used 165836K [0x00000000a0000000, 0x00000000b5980000, 0x00000000e0000000)
  object space 353792K, 46% used [0x00000000a0000000,0x00000000aa1f3378,0x00000000b5980000)
 Metaspace       used 134110K, capacity 141323K, committed 141952K, reserved 1173504K
  class space    used 17247K, capacity 18620K, committed 18816K, reserved 1048576K
}
Event: 3827.819 GC heap before
{Heap before GC invocations=36 (full 5):
 PSYoungGen      total 429568K, used 389753K [0x00000000e0000000, 0x00000000ffa00000, 0x0000000100000000)
  eden space 349184K, 99% used [0x00000000e0000000,0x00000000f51ab820,0x00000000f5500000)
  from space 80384K, 54% used [0x00000000fab80000,0x00000000fd672d90,0x00000000ffa00000)
  to   space 84480K, 0% used [0x00000000f5500000,0x00000000f5500000,0x00000000fa780000)
 ParOldGen       total 353792K, used 165836K [0x00000000a0000000, 0x00000000b5980000, 0x00000000e0000000)
  object space 353792K, 46% used [0x00000000a0000000,0x00000000aa1f3378,0x00000000b5980000)
 Metaspace       used 134496K, capacity 141833K, committed 142208K, reserved 1173504K
  class space    used 17270K, capacity 18661K, committed 18816K, reserved 1048576K
Event: 3828.005 GC heap after
Heap after GC invocations=36 (full 5):
 PSYoungGen      total 433664K, used 58882K [0x00000000e0000000, 0x0000000100000000, 0x0000000100000000)
  eden space 349184K, 0% used [0x00000000e0000000,0x00000000e0000000,0x00000000f5500000)
  from space 84480K, 69% used [0x00000000f5500000,0x00000000f8e80a38,0x00000000fa780000)
  to   space 88064K, 0% used [0x00000000faa00000,0x00000000faa00000,0x0000000100000000)
 ParOldGen       total 353792K, used 165844K [0x00000000a0000000, 0x00000000b5980000, 0x00000000e0000000)
  object space 353792K, 46% used [0x00000000a0000000,0x00000000aa1f5378,0x00000000b5980000)
 Metaspace       used 134496K, capacity 141833K, committed 142208K, reserved 1173504K
  class space    used 17270K, capacity 18661K, committed 18816K, reserved 1048576K
}
Event: 6524.236 GC heap before
{Heap before GC invocations=37 (full 5):
 PSYoungGen      total 433664K, used 408053K [0x00000000e0000000, 0x0000000100000000, 0x0000000100000000)
  eden space 349184K, 99% used [0x00000000e0000000,0x00000000f54fcca8,0x00000000f5500000)
  from space 84480K, 69% used [0x00000000f5500000,0x00000000f8e80a38,0x00000000fa780000)
  to   space 88064K, 0% used [0x00000000faa00000,0x00000000faa00000,0x0000000100000000)
 ParOldGen       total 353792K, used 165844K [0x00000000a0000000, 0x00000000b5980000, 0x00000000e0000000)
  object space 353792K, 46% used [0x00000000a0000000,0x00000000aa1f5378,0x00000000b5980000)
 Metaspace       used 135036K, capacity 142845K, committed 143104K, reserved 1173504K
  class space    used 17344K, capacity 18795K, committed 18944K, reserved 1048576K
Event: 6525.604 GC heap after
Heap after GC invocations=37 (full 5):
 PSYoungGen      total 434176K, used 37795K [0x00000000e0000000, 0x00000000ffa80000, 0x0000000100000000)
  eden space 351744K, 0% used [0x00000000e0000000,0x00000000e0000000,0x00000000f5780000)
  from space 82432K, 45% used [0x00000000faa00000,0x00000000fcee8c10,0x00000000ffa80000)
  to   space 83456K, 0% used [0x00000000f5780000,0x00000000f5780000,0x00000000fa900000)
 ParOldGen       total 353792K, used 165852K [0x00000000a0000000, 0x00000000b5980000, 0x00000000e0000000)
  object space 353792K, 46% used [0x00000000a0000000,0x00000000aa1f7378,0x00000000b5980000)
 Metaspace       used 135036K, capacity 142845K, committed 143104K, reserved 1173504K
  class space    used 17344K, capacity 18795K, committed 18944K, reserved 1048576K
}
Event: 7231.126 GC heap before
{Heap before GC invocations=38 (full 5):
 PSYoungGen      total 434176K, used 224303K [0x00000000e0000000, 0x00000000ffa80000, 0x0000000100000000)
  eden space 351744K, 53% used [0x00000000e0000000,0x00000000eb6231a0,0x00000000f5780000)
  from space 82432K, 45% used [0x00000000faa00000,0x00000000fcee8c10,0x00000000ffa80000)
  to   space 83456K, 0% used [0x00000000f5780000,0x00000000f5780000,0x00000000fa900000)
 ParOldGen       total 353792K, used 165852K [0x00000000a0000000, 0x00000000b5980000, 0x00000000e0000000)
  object space 353792K, 46% used [0x00000000a0000000,0x00000000aa1f7378,0x00000000b5980000)
 Metaspace       used 135177K, capacity 143021K, committed 143360K, reserved 1173504K
  class space    used 17349K, capacity 18801K, committed 18944K, reserved 1048576K
Event: 7231.220 GC heap after
Heap after GC invocations=38 (full 5):
 PSYoungGen      total 375296K, used 23449K [0x00000000e0000000, 0x00000000ff680000, 0x0000000100000000)
  eden space 351744K, 0% used [0x00000000e0000000,0x00000000e0000000,0x00000000f5780000)
  from space 23552K, 99% used [0x00000000f5780000,0x00000000f6e665b8,0x00000000f6e80000)
  to   space 81408K, 0% used [0x00000000fa700000,0x00000000fa700000,0x00000000ff680000)
 ParOldGen       total 353792K, used 165860K [0x00000000a0000000, 0x00000000b5980000, 0x00000000e0000000)
  object space 353792K, 46% used [0x00000000a0000000,0x00000000aa1f9378,0x00000000b5980000)
 Metaspace       used 135177K, capacity 143021K, committed 143360K, reserved 1173504K
  class space    used 17349K, capacity 18801K, committed 18944K, reserved 1048576K
}
Event: 7231.220 GC heap before
{Heap before GC invocations=39 (full 6):
 PSYoungGen      total 375296K, used 23449K [0x00000000e0000000, 0x00000000ff680000, 0x0000000100000000)
  eden space 351744K, 0% used [0x00000000e0000000,0x00000000e0000000,0x00000000f5780000)
  from space 23552K, 99% used [0x00000000f5780000,0x00000000f6e665b8,0x00000000f6e80000)
  to   space 81408K, 0% used [0x00000000fa700000,0x00000000fa700000,0x00000000ff680000)
 ParOldGen       total 353792K, used 165860K [0x00000000a0000000, 0x00000000b5980000, 0x00000000e0000000)
  object space 353792K, 46% used [0x00000000a0000000,0x00000000aa1f9378,0x00000000b5980000)
 Metaspace       used 135177K, capacity 143021K, committed 143360K, reserved 1173504K
  class space    used 17349K, capacity 18801K, committed 18944K, reserved 1048576K
Event: 7233.106 GC heap after
Heap after GC invocations=39 (full 6):
 PSYoungGen      total 375296K, used 0K [0x00000000e0000000, 0x00000000ff680000, 0x0000000100000000)
  eden space 351744K, 0% used [0x00000000e0000000,0x00000000e0000000,0x00000000f5780000)
  from space 23552K, 0% used [0x00000000f5780000,0x00000000f5780000,0x00000000f6e80000)
  to   space 81408K, 0% used [0x00000000fa700000,0x00000000fa700000,0x00000000ff680000)
 ParOldGen       total 353792K, used 70234K [0x00000000a0000000, 0x00000000b5980000, 0x00000000e0000000)
  object space 353792K, 19% used [0x00000000a0000000,0x00000000a4496b38,0x00000000b5980000)
 Metaspace       used 132026K, capacity 138829K, committed 143360K, reserved 1173504K
  class space    used 16903K, capacity 18127K, committed 18944K, reserved 1048576K
}

Deoptimization events (10 events):
Event: 12291.626 Thread 0x000000001e1b8800 Uncommon trap: reason=unstable_if action=reinterpret pc=0x00000000033e06b4 method=java.lang.ref.SoftReference.get()Ljava/lang/Object; @ 6
Event: 12292.267 Thread 0x000000001e1b4000 Uncommon trap: reason=array_check action=maybe_recompile pc=0x0000000004cd14c4 method=java.util.ComparableTimSort.reverseRange([Ljava/lang/Object;II)V @ 27
Event: 12292.631 Thread 0x000000001e1b4000 Uncommon trap: reason=unstable_if action=reinterpret pc=0x0000000002ff4000 method=java.lang.ref.SoftReference.get()Ljava/lang/Object; @ 6
Event: 12292.632 Thread 0x000000001e1b4000 Uncommon trap: reason=unstable_if action=reinterpret pc=0x0000000003949734 method=java.lang.ref.SoftReference.get()Ljava/lang/Object; @ 6
Event: 12292.645 Thread 0x000000001e1b4000 Uncommon trap: reason=predicate action=maybe_recompile pc=0x000000000618ce40 method=java.util.ComparableTimSort.mergeHi(IIII)V @ 185
Event: 12292.664 Thread 0x000000001e1b4000 Uncommon trap: reason=unstable_if action=reinterpret pc=0x0000000003a8b168 method=java.lang.ref.SoftReference.get()Ljava/lang/Object; @ 6
Event: 12292.665 Thread 0x000000001e1b4000 Uncommon trap: reason=unstable_if action=reinterpret pc=0x0000000003bc16d4 method=java.lang.ref.SoftReference.get()Ljava/lang/Object; @ 6
Event: 12292.666 Thread 0x000000001e1b4000 Uncommon trap: reason=null_check action=make_not_entrant pc=0x000000000708cb2c method=java.beans.MethodRef.get()Ljava/lang/reflect/Method; @ 16
Event: 12293.035 Thread 0x000000001e1b4000 Uncommon trap: reason=unstable_if action=reinterpret pc=0x0000000005ae0b10 method=org.codehaus.groovy.util.LazyReference.get()Ljava/lang/Object; @ 33
Event: 12293.733 Thread 0x000000001e1b4000 Uncommon trap: reason=null_check action=make_not_entrant pc=0x0000000005b7a4c8 method=org.codehaus.groovy.reflection.ClassInfo.getWeakMetaClass()Lgroovy/lang/MetaClass; @ 17

Classes redefined (0 events):
No events

Internal exceptions (10 events):
Event: 12294.417 Thread 0x000000001e1b4000 Exception <a 'java/lang/ClassNotFoundException': org/jetbrains/plugins/gradle/tooling/builder/ExternalProjectBuilderImplBeanInfo> (0x00000000ebd2b4d8) thrown at [D:\src\AOSP-openjdk-cygwin\jdk8u\hotspot\src\share\vm\classfile\systemDictionary.cpp, line 21
Event: 12294.427 Thread 0x000000001e1b4000 Exception <a 'java/lang/ClassNotFoundException': org/jetbrains/plugins/gradle/tooling/builder/ExternalProjectBuilderImplCustomizer> (0x00000000ebd39bd0) thrown at [D:\src\AOSP-openjdk-cygwin\jdk8u\hotspot\src\share\vm\classfile\systemDictionary.cpp, line 
Event: 12294.463 Thread 0x000000001e1b4000 Exception <a 'java/lang/ClassNotFoundException': org/jetbrains/plugins/gradle/tooling/builder/ExternalTestsModelBuilderImplBeanInfo> (0x00000000ebd9b260) thrown at [D:\src\AOSP-openjdk-cygwin\jdk8u\hotspot\src\share\vm\classfile\systemDictionary.cpp, line
Event: 12294.467 Thread 0x000000001e1b4000 Exception <a 'java/lang/ClassNotFoundException': org/jetbrains/plugins/gradle/tooling/builder/ExternalTestsModelBuilderImplCustomizer> (0x00000000ebda9ce0) thrown at [D:\src\AOSP-openjdk-cygwin\jdk8u\hotspot\src\share\vm\classfile\systemDictionary.cpp, li
Event: 12294.552 Thread 0x000000001e1b4000 Exception <a 'java/lang/ClassNotFoundException': org/jetbrains/plugins/gradle/tooling/builder/ProjectExtensionsDataBuilderImplBeanInfo> (0x00000000ebe168c0) thrown at [D:\src\AOSP-openjdk-cygwin\jdk8u\hotspot\src\share\vm\classfile\systemDictionary.cpp, l
Event: 12294.564 Thread 0x000000001e1b4000 Exception <a 'java/lang/ClassNotFoundException': org/jetbrains/plugins/gradle/tooling/builder/ProjectExtensionsDataBuilderImplCustomizer> (0x00000000ebe25688) thrown at [D:\src\AOSP-openjdk-cygwin\jdk8u\hotspot\src\share\vm\classfile\systemDictionary.cpp,
Event: 12294.579 Thread 0x000000001e1b4000 Exception <a 'java/lang/ClassNotFoundException': org/jetbrains/plugins/gradle/tooling/builder/IntelliJSettingsBuilderBeanInfo> (0x00000000ebe61258) thrown at [D:\src\AOSP-openjdk-cygwin\jdk8u\hotspot\src\share\vm\classfile\systemDictionary.cpp, line 210]
Event: 12294.585 Thread 0x000000001e1b4000 Exception <a 'java/lang/ClassNotFoundException': org/jetbrains/plugins/gradle/tooling/builder/IntelliJSettingsBuilderCustomizer> (0x00000000ebe6f600) thrown at [D:\src\AOSP-openjdk-cygwin\jdk8u\hotspot\src\share\vm\classfile\systemDictionary.cpp, line 210
Event: 12294.636 Thread 0x000000001e1b4000 Exception <a 'java/lang/ClassNotFoundException': org/jetbrains/plugins/gradle/tooling/builder/IntelliJProjectSettingsBuilderBeanInfo> (0x00000000ebeac128) thrown at [D:\src\AOSP-openjdk-cygwin\jdk8u\hotspot\src\share\vm\classfile\systemDictionary.cpp, lin
Event: 12294.652 Thread 0x000000001e1b4000 Exception <a 'java/lang/ClassNotFoundException': org/jetbrains/plugins/gradle/tooling/builder/IntelliJProjectSettingsBuilderCustomizer> (0x00000000ebebad50) thrown at [D:\src\AOSP-openjdk-cygwin\jdk8u\hotspot\src\share\vm\classfile\systemDictionary.cpp, l

Events (10 events):
Event: 12294.959 loading class RegistryProcessor$_extraModelBuilderIsRegistered_closure1
Event: 12294.959 loading class RegistryProcessor$_extraModelBuilderIsRegistered_closure1 done
Event: 12294.962 loading class groovy/runtime/metaclass/RegistryProcessor$_extraModelBuilderIsRegistered_closure1MetaClass
Event: 12294.962 loading class groovy/runtime/metaclass/RegistryProcessor$_extraModelBuilderIsRegistered_closure1MetaClass done
Event: 12295.714 Thread 0x000000001e1bb800 Thread added: 0x000000001e1bb800
Event: 12295.715 Thread 0x000000001dfe1800 Thread added: 0x000000001dfe1800
Event: 12295.715 Thread 0x000000001dfdf000 Thread added: 0x000000001dfdf000
Event: 12295.715 Thread 0x000000001dfe0800 Thread added: 0x000000001dfe0800
Event: 12295.736 Executing VM operation: RevokeBias
Event: 12295.745 Executing VM operation: RevokeBias done


Dynamic libraries:
0x00007ff7051e0000 - 0x00007ff705211000 	C:\Program Files\Android\Android Studio\jre\bin\java.exe
0x00007ffbc84c0000 - 0x00007ffbc86b0000 	C:\WINDOWS\SYSTEM32\ntdll.dll
0x00007ffbc7d30000 - 0x00007ffbc7de2000 	C:\WINDOWS\System32\KERNEL32.DLL
0x00007ffbc54a0000 - 0x00007ffbc5743000 	C:\WINDOWS\System32\KERNELBASE.dll
0x00007ffbc8200000 - 0x00007ffbc82a3000 	C:\WINDOWS\System32\ADVAPI32.dll
0x00007ffbc8070000 - 0x00007ffbc810e000 	C:\WINDOWS\System32\msvcrt.dll
0x00007ffbc71b0000 - 0x00007ffbc7247000 	C:\WINDOWS\System32\sechost.dll
0x00007ffbc6810000 - 0x00007ffbc6930000 	C:\WINDOWS\System32\RPCRT4.dll
0x00007ffbc7df0000 - 0x00007ffbc7f84000 	C:\WINDOWS\System32\USER32.dll
0x00007ffbc6390000 - 0x00007ffbc63b1000 	C:\WINDOWS\System32\win32u.dll
0x00007ffbc7f90000 - 0x00007ffbc7fb6000 	C:\WINDOWS\System32\GDI32.dll
0x00007ffbc5750000 - 0x00007ffbc58e4000 	C:\WINDOWS\System32\gdi32full.dll
0x00007ffbc5a20000 - 0x00007ffbc5abe000 	C:\WINDOWS\System32\msvcp_win.dll
0x00007ffbc5920000 - 0x00007ffbc5a1a000 	C:\WINDOWS\System32\ucrtbase.dll
0x00007ffbb6990000 - 0x00007ffbb6c15000 	C:\WINDOWS\WinSxS\amd64_microsoft.windows.common-controls_6595b64144ccf1df_6.0.18362.720_none_e6beb5c51314836b\COMCTL32.dll
0x00007ffbc7390000 - 0x00007ffbc76c6000 	C:\WINDOWS\System32\combase.dll
0x00007ffbc6310000 - 0x00007ffbc6390000 	C:\WINDOWS\System32\bcryptPrimitives.dll
0x00007ffbc6930000 - 0x00007ffbc695e000 	C:\WINDOWS\System32\IMM32.DLL
0x000000006d870000 - 0x000000006d942000 	C:\Program Files\Android\Android Studio\jre\jre\bin\msvcr100.dll
0x000000006d950000 - 0x000000006e196000 	C:\Program Files\Android\Android Studio\jre\jre\bin\server\jvm.dll
0x00007ffbc8190000 - 0x00007ffbc8198000 	C:\WINDOWS\System32\PSAPI.DLL
0x00007ffbc2c10000 - 0x00007ffbc2c34000 	C:\WINDOWS\SYSTEM32\WINMM.dll
0x00007ffbbaaf0000 - 0x00007ffbbaafa000 	C:\WINDOWS\SYSTEM32\VERSION.dll
0x00007ffbb38a0000 - 0x00007ffbb38a9000 	C:\WINDOWS\SYSTEM32\WSOCK32.dll
0x00007ffbc7bf0000 - 0x00007ffbc7c5f000 	C:\WINDOWS\System32\WS2_32.dll
0x00007ffbc2be0000 - 0x00007ffbc2c0d000 	C:\WINDOWS\SYSTEM32\winmmbase.dll
0x00007ffbc5450000 - 0x00007ffbc549a000 	C:\WINDOWS\System32\cfgmgr32.dll
0x00007ffbb6e00000 - 0x00007ffbb6e0f000 	C:\Program Files\Android\Android Studio\jre\jre\bin\verify.dll
0x00007ffba0dd0000 - 0x00007ffba0df9000 	C:\Program Files\Android\Android Studio\jre\jre\bin\java.dll
0x00007ffbb56a0000 - 0x00007ffbb56b6000 	C:\Program Files\Android\Android Studio\jre\jre\bin\zip.dll
0x00007ffbc6ac0000 - 0x00007ffbc71a5000 	C:\WINDOWS\System32\SHELL32.dll
0x00007ffbc7fc0000 - 0x00007ffbc8069000 	C:\WINDOWS\System32\shcore.dll
0x00007ffbc5ac0000 - 0x00007ffbc6240000 	C:\WINDOWS\System32\windows.storage.dll
0x00007ffbc53e0000 - 0x00007ffbc5403000 	C:\WINDOWS\System32\profapi.dll
0x00007ffbc5390000 - 0x00007ffbc53da000 	C:\WINDOWS\System32\powrprof.dll
0x00007ffbc5380000 - 0x00007ffbc5390000 	C:\WINDOWS\System32\UMPDC.dll
0x00007ffbc7cd0000 - 0x00007ffbc7d22000 	C:\WINDOWS\System32\shlwapi.dll
0x00007ffbc5430000 - 0x00007ffbc5441000 	C:\WINDOWS\System32\kernel.appcore.dll
0x00007ffbc62f0000 - 0x00007ffbc6307000 	C:\WINDOWS\System32\cryptsp.dll
0x00007ffbb6e20000 - 0x00007ffbb6e3a000 	C:\Program Files\Android\Android Studio\jre\jre\bin\net.dll
0x00007ffbb8110000 - 0x00007ffbb82e5000 	C:\WINDOWS\SYSTEM32\urlmon.dll
0x00007ffbb84a0000 - 0x00007ffbb8746000 	C:\WINDOWS\SYSTEM32\iertutil.dll
0x00007ffbc4dc0000 - 0x00007ffbc4dcc000 	C:\WINDOWS\SYSTEM32\CRYPTBASE.DLL
0x00007ffbc4bf0000 - 0x00007ffbc4c57000 	C:\WINDOWS\system32\mswsock.dll
0x00007ffbb6620000 - 0x00007ffbb6633000 	C:\Program Files\Android\Android Studio\jre\jre\bin\nio.dll
0x00007ffbb8300000 - 0x00007ffbb8326000 	C:\Users\agpus\.gradle\native\30\windows-amd64\native-platform.dll
0x00007ffbbea60000 - 0x00007ffbbea6d000 	C:\Program Files\Android\Android Studio\jre\jre\bin\management.dll
0x00007ffbc4760000 - 0x00007ffbc4793000 	C:\WINDOWS\system32\rsaenh.dll
0x00007ffbc58f0000 - 0x00007ffbc5916000 	C:\WINDOWS\System32\bcrypt.dll
0x00007ffbc52a0000 - 0x00007ffbc52c5000 	C:\WINDOWS\SYSTEM32\USERENV.dll
0x00007ffbc4900000 - 0x00007ffbc493a000 	C:\WINDOWS\SYSTEM32\IPHLPAPI.DLL
0x00007ffbc69e0000 - 0x00007ffbc69e8000 	C:\WINDOWS\System32\NSI.dll
0x00007ffbba770000 - 0x00007ffbba786000 	C:\WINDOWS\SYSTEM32\dhcpcsvc6.DLL
0x00007ffbba860000 - 0x00007ffbba87c000 	C:\WINDOWS\SYSTEM32\dhcpcsvc.DLL
0x00007ffbc4940000 - 0x00007ffbc4a0a000 	C:\WINDOWS\SYSTEM32\DNSAPI.dll
0x00007ffba1a10000 - 0x00007ffba1a34000 	C:\Program Files\Android\Android Studio\jre\jre\bin\sunec.dll
0x00007ffbb40c0000 - 0x00007ffbb40ca000 	C:\Windows\System32\rasadhlp.dll
0x00007ffbba3f0000 - 0x00007ffbba467000 	C:\WINDOWS\System32\fwpuclnt.dll
0x00007ffbb55c0000 - 0x00007ffbb55cb000 	C:\Program Files\Android\Android Studio\jre\jre\bin\sunmscapi.dll
0x00007ffbc63c0000 - 0x00007ffbc6509000 	C:\WINDOWS\System32\CRYPT32.dll
0x00007ffbc5410000 - 0x00007ffbc5422000 	C:\WINDOWS\System32\MSASN1.dll
0x00007ffbb9fa0000 - 0x00007ffbb9fbe000 	C:\Users\agpus\AppData\Local\Temp\native-platform4001324597063725543dir\native-platform.dll
0x00007ffbc43e0000 - 0x00007ffbc4411000 	C:\WINDOWS\SYSTEM32\ntmarta.dll
0x00007ffbc3ca0000 - 0x00007ffbc3e94000 	C:\WINDOWS\SYSTEM32\dbghelp.dll

VM Arguments:
jvm_args: -Xmx1536m -Dfile.encoding=windows-1251 -Duser.country=RU -Duser.language=ru -Duser.variant 
java_command: org.gradle.launcher.daemon.bootstrap.GradleDaemon 5.6.4
java_class_path (initial): C:\Users\agpus\.gradle\wrapper\dists\gradle-5.6.4-all\ankdp27end7byghfw1q2sw75f\gradle-5.6.4\lib\gradle-launcher-5.6.4.jar
Launcher Type: SUN_STANDARD

Environment Variables:
PATH=C:\WINDOWS\system32;C:\WINDOWS;C:\WINDOWS\System32\Wbem;C:\WINDOWS\System32\WindowsPowerShell\v1.0\;E:\Soft\Git2\cmd;C:\WINDOWS\System32\OpenSSH\;D:\AppData\Local\Android\Sdk\platform-tools;D:\Program Files\Android\Android Studio\jre\bin;C:\Users\agpus\AppData\Local\Microsoft\WindowsApps;;C:\Program Files\JetBrains\WebStorm 2019.2.3\bin;
USERNAME=agpus
OS=Windows_NT
PROCESSOR_IDENTIFIER=Intel64 Family 6 Model 69 Stepping 1, GenuineIntel



---------------  S Y S T E M  ---------------

OS: Windows 10.0 , 64 bit Build 18362 (10.0.18362.329)

CPU:total 4 (initial active 4) (2 cores per cpu, 2 threads per core) family 6 model 69 stepping 1, cmov, cx8, fxsr, mmx, sse, sse2, sse3, ssse3, sse4.1, sse4.2, popcnt, avx, avx2, aes, clmul, erms, lzcnt, ht, tsc, tscinvbit, bmi1, bmi2

Memory: 4k page, physical 8269248k(1141128k free), swap 11616172k(1493104k free)

vm_info: OpenJDK 64-Bit Server VM (25.212-b04) for windows-amd64 JRE (1.8.0_212-release-1586-b04), built by "builder" with MS VC++ 10.0 (VS2010)

time: Fri Apr 03 18:48:56 2020
timezone: Иерусалимское время (лето)
elapsed time: 12297 seconds (0d 3h 24m 57s)

